#
# There is insufficient memory for the Java Runtime Environment to continue.
# Native memory allocation (malloc) failed to allocate 1048576 bytes for AllocateHeap
# Possible reasons:
#   The system is out of physical RAM or swap space
#   The process is running with CompressedOops enabled, and the Java Heap may be blocking the growth of the native heap
# Possible solutions:
#   Reduce memory load on the system
#   Increase physical memory or swap space
#   Check if swap backing store is full
#   Decrease Java heap size (-Xmx/-Xms)
#   Decrease number of Java threads
#   Decrease Java thread stack sizes (-Xss)
#   Set larger code cache with -XX:ReservedCodeCacheSize=
#   JVM is running with Unscaled Compressed Oops mode in which the Java heap is
#     placed in the first 4GB address space. The Java Heap base address is the
#     maximum limit for the native heap growth. Please use -XX:HeapBaseMinAddress
#     to set the Java Heap base and to place the Java Heap above 4GB virtual address.
# This output file may be truncated or incomplete.
#
#  Out of Memory Error (memory/allocation.inline.hpp:61), pid=14352, tid=0x000000000000377c
#
# JRE version:  (8.0_221-b11) (build )
# Java VM: Java HotSpot(TM) 64-Bit Server VM (25.221-b11 mixed mode windows-amd64 compressed oops)
# Failed to write core dump. Minidumps are not enabled by default on client versions of Windows
#

---------------  T H R E A D  ---------------

Current thread (0x0000000002493000):  JavaThread "Unknown thread" [_thread_in_vm, id=14204, stack(0x00000000021c0000,0x00000000022c0000)]

Stack: [0x00000000021c0000,0x00000000022c0000]
[error occurred during error reporting (printing stack bounds), id 0xc0000005]

Native frames: (J=compiled Java code, j=interpreted, Vv=VM code, C=native code)


---------------  P R O C E S S  ---------------

Java Threads: ( => current thread )

Other Threads:

=>0x0000000002493000 (exited) JavaThread "Unknown thread" [_thread_in_vm, id=14204, stack(0x00000000021c0000,0x00000000022c0000)]

VM state:not at safepoint (normal execution)

VM Mutex/Monitor currently owned by a thread: None

heap address: 0x0000000081400000, size: 2028 MB, Compressed Oops mode: 32-bit
Narrow klass base: 0x0000000000000000, Narrow klass shift: 3
Compressed class space size: 1073741824 Address: 0x0000000100000000

Heap:
 PSYoungGen      total 38400K, used 665K [0x00000000d5c00000, 0x00000000d8680000, 0x0000000100000000)
  eden space 33280K, 2% used [0x00000000d5c00000,0x00000000d5ca6670,0x00000000d7c80000)
  from space 5120K, 0% used [0x00000000d8180000,0x00000000d8180000,0x00000000d8680000)
  to   space 5120K, 0% used [0x00000000d7c80000,0x00000000d7c80000,0x00000000d8180000)
 ParOldGen       total 87552K, used 0K [0x0000000081400000, 0x0000000086980000, 0x00000000d5c00000)
  object space 87552K, 0% used [0x0000000081400000,0x0000000081400000,0x0000000086980000)
 Metaspace       used 776K, capacity 4480K, committed 4480K, reserved 1056768K
  class space    used 76K, capacity 384K, committed 384K, reserved 1048576K

Card table byte_map: [0x0000000011950000,0x0000000011d50000] byte_map_base: 0x0000000011546000

Marking Bits: (ParMarkBitMap*) 0x000000005bb65ce0
 Begin Bits: [0x0000000012800000, 0x00000000147b0000)
 End Bits:   [0x00000000147b0000, 0x0000000016760000)

Polling page: 0x0000000000780000

CodeCache: size=245760Kb used=328Kb max_used=328Kb free=245431Kb
 bounds [0x0000000002590000, 0x0000000002800000, 0x0000000011590000]
 total_blobs=58 nmethods=0 adapters=38
 compilation: enabled

Compilation events (0 events):
No events

GC Heap History (0 events):
No events

Deoptimization events (0 events):
No events

Classes redefined (0 events):
No events

Internal exceptions (0 events):
No events

Events (10 events):
Event: 0.039 loading class java/lang/Short
Event: 0.039 loading class java/lang/Short done
Event: 0.039 loading class java/lang/Integer
Event: 0.039 loading class java/lang/Integer done
Event: 0.039 loading class java/lang/Long
Event: 0.039 loading class java/lang/Long done
Event: 0.040 loading class java/lang/NullPointerException
Event: 0.040 loading class java/lang/NullPointerException done
Event: 0.040 loading class java/lang/ArithmeticException
Event: 0.040 loading class java/lang/ArithmeticException done


Dynamic libraries:
0x00007ff6e1ba0000 - 0x00007ff6e1bd7000 	C:\Program Files\Java\jdk1.8.0_221\bin\java.exe
0x00007fffa7f00000 - 0x00007fffa80f0000 	C:\WINDOWS\SYSTEM32\ntdll.dll
0x00007fff7b9b0000 - 0x00007fff7b9c2000 	C:\Program Files\AVAST Software\Avast\aswhook.dll
0x00007fffa7d90000 - 0x00007fffa7e42000 	C:\WINDOWS\System32\KERNEL32.DLL
0x00007fffa5220000 - 0x00007fffa54c5000 	C:\WINDOWS\System32\KERNELBASE.dll
0x00007fffa76c0000 - 0x00007fffa7763000 	C:\WINDOWS\System32\ADVAPI32.dll
0x00007fffa61a0000 - 0x00007fffa623e000 	C:\WINDOWS\System32\msvcrt.dll
0x00007fffa7770000 - 0x00007fffa7807000 	C:\WINDOWS\System32\sechost.dll
0x00007fffa6da0000 - 0x00007fffa6ec0000 	C:\WINDOWS\System32\RPCRT4.dll
0x00007fffa72a0000 - 0x00007fffa7434000 	C:\WINDOWS\System32\USER32.dll
0x00007fffa5f80000 - 0x00007fffa5fa1000 	C:\WINDOWS\System32\win32u.dll
0x00007fffa7470000 - 0x00007fffa7496000 	C:\WINDOWS\System32\GDI32.dll
0x00007fffa4e80000 - 0x00007fffa5016000 	C:\WINDOWS\System32\gdi32full.dll
0x00007fffa5500000 - 0x00007fffa559e000 	C:\WINDOWS\System32\msvcp_win.dll
0x00007fffa50d0000 - 0x00007fffa51ca000 	C:\WINDOWS\System32\ucrtbase.dll
0x00007fff8bc70000 - 0x00007fff8bef4000 	C:\WINDOWS\WinSxS\amd64_microsoft.windows.common-controls_6595b64144ccf1df_6.0.18362.1198_none_9e820b57e45ad92f\COMCTL32.dll
0x00007fffa7a50000 - 0x00007fffa7d85000 	C:\WINDOWS\System32\combase.dll
0x00007fffa5f00000 - 0x00007fffa5f80000 	C:\WINDOWS\System32\bcryptPrimitives.dll
0x00007fffa60c0000 - 0x00007fffa60ee000 	C:\WINDOWS\System32\IMM32.DLL
0x000000005c4a0000 - 0x000000005c572000 	C:\Program Files\Java\jdk1.8.0_221\jre\bin\msvcr100.dll
0x000000005b340000 - 0x000000005bbe5000 	C:\Program Files\Java\jdk1.8.0_221\jre\bin\server\jvm.dll
0x00007fffa7eb0000 - 0x00007fffa7eb8000 	C:\WINDOWS\System32\PSAPI.DLL
0x00007fff89de0000 - 0x00007fff89de9000 	C:\WINDOWS\SYSTEM32\WSOCK32.dll
0x00007fffa7570000 - 0x00007fffa75df000 	C:\WINDOWS\System32\WS2_32.dll
0x00007fff9f810000 - 0x00007fff9f834000 	C:\WINDOWS\SYSTEM32\WINMM.dll
0x00007fff9bad0000 - 0x00007fff9bada000 	C:\WINDOWS\SYSTEM32\VERSION.dll
0x00007fff9f870000 - 0x00007fff9f89d000 	C:\WINDOWS\SYSTEM32\WINMMBASE.dll
0x00007fffa51d0000 - 0x00007fffa521a000 	C:\WINDOWS\System32\cfgmgr32.dll
0x00007fff9daf0000 - 0x00007fff9daff000 	C:\Program Files\Java\jdk1.8.0_221\jre\bin\verify.dll
0x00007fff9c170000 - 0x00007fff9c199000 	C:\Program Files\Java\jdk1.8.0_221\jre\bin\java.dll
0x00007fff90db0000 - 0x00007fff90dd3000 	C:\Program Files\Java\jdk1.8.0_221\jre\bin\instrument.dll
0x00007fff9bf30000 - 0x00007fff9bf46000 	C:\Program Files\Java\jdk1.8.0_221\jre\bin\zip.dll

VM Arguments:
jvm_args: -javaagent:C:\Program Files\JetBrains\IntelliJ IDEA Community Edition 2019.2.4\lib\idea_rt.jar=60004:C:\Program Files\JetBrains\IntelliJ IDEA Community Edition 2019.2.4\bin -Dfile.encoding=UTF-8 
java_command: com.javarush.task.task16.task1630.Solution
java_class_path (initial): C:\Program Files\Java\jdk1.8.0_221\jre\lib\charsets.jar;C:\Program Files\Java\jdk1.8.0_221\jre\lib\deploy.jar;C:\Program Files\Java\jdk1.8.0_221\jre\lib\ext\access-bridge-64.jar;C:\Program Files\Java\jdk1.8.0_221\jre\lib\ext\cldrdata.jar;C:\Program Files\Java\jdk1.8.0_221\jre\lib\ext\dnsns.jar;C:\Program Files\Java\jdk1.8.0_221\jre\lib\ext\jaccess.jar;C:\Program Files\Java\jdk1.8.0_221\jre\lib\ext\jfxrt.jar;C:\Program Files\Java\jdk1.8.0_221\jre\lib\ext\localedata.jar;C:\Program Files\Java\jdk1.8.0_221\jre\lib\ext\nashorn.jar;C:\Program Files\Java\jdk1.8.0_221\jre\lib\ext\sunec.jar;C:\Program Files\Java\jdk1.8.0_221\jre\lib\ext\sunjce_provider.jar;C:\Program Files\Java\jdk1.8.0_221\jre\lib\ext\sunmscapi.jar;C:\Program Files\Java\jdk1.8.0_221\jre\lib\ext\sunpkcs11.jar;C:\Program Files\Java\jdk1.8.0_221\jre\lib\ext\zipfs.jar;C:\Program Files\Java\jdk1.8.0_221\jre\lib\javaws.jar;C:\Program Files\Java\jdk1.8.0_221\jre\lib\jce.jar;C:\Program Files\Java\jdk1.8.0_221\jre\lib\jfr.jar;C:\Program Files\Java\jdk1.8.0_221\jre\lib\jfxswt.jar;C:\Program Files\Java\jdk1.8.0_221\jre\lib\jsse.jar;C:\Program Files\Java\jdk1.8.0_221\jre\lib\management-agent.jar;C:\Program Files\Java\jdk1.8.0_221\jre\lib\plugin.jar;C:\Program Files\Java\jdk1.8.0_221\jre\lib\resources.jar;C:\Program Files\Java\jdk1.8.0_221\jre\lib\rt.jar;C:\JavaRushTasks\out\production\2.JavaCore;C:\Program Files\JetBrains\IntelliJ IDEA Community Edition 2019.2.4\lib\idea_rt.jar
Launcher Type: SUN_STANDARD

Environment Variables:
PATH=C:\Program Files\Java\jdk-12.0.2\bin;C:\Program Files (x86)\Common Files\Oracle\Java\javapath;C:\Windows\system32;C:\Windows;C:\Windows\System32\Wbem;C:\Windows\System32\WindowsPowerShell\v1.0\;C:\Program Files (x86)\NVIDIA Corporation\PhysX\Common;C:\WINDOWS\system32;C:\WINDOWS;C:\WINDOWS\System32\Wbem;C:\WINDOWS\System32\WindowsPowerShell\v1.0\;;C:\WINDOWS\System32\OpenSSH\;C:\Users\gurus\AppData\Local\Microsoft\WindowsApps;
USERNAME=gurus
OS=Windows_NT
PROCESSOR_IDENTIFIER=Intel64 Family 6 Model 142 Stepping 10, GenuineIntel



---------------  S Y S T E M  ---------------

OS: Windows 10.0 , 64 bit Build 18362 (10.0.18362.1110)

CPU:total 8 (initial active 8) (4 cores per cpu, 2 threads per core) family 6 model 142 stepping 10, cmov, cx8, fxsr, mmx, sse, sse2, sse3, ssse3, sse4.1, sse4.2, popcnt, avx, avx2, aes, clmul, erms, 3dnowpref, lzcnt, ht, tsc, tscinvbit, bmi1, bmi2, adx

Memory: 4k page, physical 8304868k(2053332k free), swap 8304868k(5600k free)

vm_info: Java HotSpot(TM) 64-Bit Server VM (25.221-b11) for windows-amd64 JRE (1.8.0_221-b11), built on Jul  4 2019 04:39:29 by "java_re" with MS VC++ 10.0 (VS2010)

time: Mon Dec 07 15:06:44 2020
timezone: RTZ 2 (зима)
elapsed time: 0 seconds (0d 0h 0m 0s)

