#
# There is insufficient memory for the Java Runtime Environment to continue.
# Native memory allocation (malloc) failed to allocate 1048576 bytes for AllocateHeap
# Possible reasons:
#   The system is out of physical RAM or swap space
#   The process is running with CompressedOops enabled, and the Java Heap may be blocking the growth of the native heap
# Possible solutions:
#   Reduce memory load on the system
#   Increase physical memory or swap space
#   Check if swap backing store is full
#   Decrease Java heap size (-Xmx/-Xms)
#   Decrease number of Java threads
#   Decrease Java thread stack sizes (-Xss)
#   Set larger code cache with -XX:ReservedCodeCacheSize=
#   JVM is running with Unscaled Compressed Oops mode in which the Java heap is
#     placed in the first 4GB address space. The Java Heap base address is the
#     maximum limit for the native heap growth. Please use -XX:HeapBaseMinAddress
#     to set the Java Heap base and to place the Java Heap above 4GB virtual address.
# This output file may be truncated or incomplete.
#
#  Out of Memory Error (memory/allocation.inline.hpp:61), pid=13060, tid=0x0000000000002c1c
#
# JRE version:  (8.0_221-b11) (build )
# Java VM: Java HotSpot(TM) 64-Bit Server VM (25.221-b11 mixed mode windows-amd64 compressed oops)
# Failed to write core dump. Minidumps are not enabled by default on client versions of Windows
#

---------------  T H R E A D  ---------------

Current thread (0x0000000002573000):  JavaThread "Unknown thread" [_thread_in_vm, id=11292, stack(0x00000000022a0000,0x00000000023a0000)]

Stack: [0x00000000022a0000,0x00000000023a0000]
[error occurred during error reporting (printing stack bounds), id 0xc0000005]

Native frames: (J=compiled Java code, j=interpreted, Vv=VM code, C=native code)


---------------  P R O C E S S  ---------------

Java Threads: ( => current thread )

Other Threads:

=>0x0000000002573000 (exited) JavaThread "Unknown thread" [_thread_in_vm, id=11292, stack(0x00000000022a0000,0x00000000023a0000)]

VM state:not at safepoint (normal execution)

VM Mutex/Monitor currently owned by a thread: None

heap address: 0x0000000081400000, size: 2028 MB, Compressed Oops mode: 32-bit
Narrow klass base: 0x0000000000000000, Narrow klass shift: 3
Compressed class space size: 1073741824 Address: 0x0000000100000000

Heap:
 PSYoungGen      total 38400K, used 665K [0x00000000d5c00000, 0x00000000d8680000, 0x0000000100000000)
  eden space 33280K, 2% used [0x00000000d5c00000,0x00000000d5ca6670,0x00000000d7c80000)
  from space 5120K, 0% used [0x00000000d8180000,0x00000000d8180000,0x00000000d8680000)
  to   space 5120K, 0% used [0x00000000d7c80000,0x00000000d7c80000,0x00000000d8180000)
 ParOldGen       total 87552K, used 0K [0x0000000081400000, 0x0000000086980000, 0x00000000d5c00000)
  object space 87552K, 0% used [0x0000000081400000,0x0000000081400000,0x0000000086980000)
 Metaspace       used 776K, capacity 4480K, committed 4480K, reserved 1056768K
  class space    used 76K, capacity 384K, committed 384K, reserved 1048576K

Card table byte_map: [0x0000000011a30000,0x0000000011e30000] byte_map_base: 0x0000000011626000

Marking Bits: (ParMarkBitMap*) 0x000000005bc45ce0
 Begin Bits: [0x00000000128e0000, 0x0000000014890000)
 End Bits:   [0x0000000014890000, 0x0000000016840000)

Polling page: 0x0000000000820000

CodeCache: size=245760Kb used=328Kb max_used=328Kb free=245431Kb
 bounds [0x0000000002670000, 0x00000000028e0000, 0x0000000011670000]
 total_blobs=58 nmethods=0 adapters=38
 compilation: enabled

Compilation events (0 events):
No events

GC Heap History (0 events):
No events

Deoptimization events (0 events):
No events

Classes redefined (0 events):
No events

Internal exceptions (0 events):
No events

Events (10 events):
Event: 0.041 loading class java/lang/Short
Event: 0.041 loading class java/lang/Short done
Event: 0.041 loading class java/lang/Integer
Event: 0.042 loading class java/lang/Integer done
Event: 0.042 loading class java/lang/Long
Event: 0.042 loading class java/lang/Long done
Event: 0.043 loading class java/lang/NullPointerException
Event: 0.043 loading class java/lang/NullPointerException done
Event: 0.043 loading class java/lang/ArithmeticException
Event: 0.043 loading class java/lang/ArithmeticException done


Dynamic libraries:
0x00007ff686890000 - 0x00007ff6868c7000 	C:\Program Files\Java\jdk1.8.0_221\bin\java.exe
0x00007ffec5d00000 - 0x00007ffec5ef0000 	C:\WINDOWS\SYSTEM32\ntdll.dll
0x00007ffebafb0000 - 0x00007ffebafc2000 	C:\Program Files\AVAST Software\Avast\aswhook.dll
0x00007ffec5840000 - 0x00007ffec58f2000 	C:\WINDOWS\System32\KERNEL32.DLL
0x00007ffec3b00000 - 0x00007ffec3da5000 	C:\WINDOWS\System32\KERNELBASE.dll
0x00007ffec4210000 - 0x00007ffec42b3000 	C:\WINDOWS\System32\ADVAPI32.dll
0x00007ffec59e0000 - 0x00007ffec5a7e000 	C:\WINDOWS\System32\msvcrt.dll
0x00007ffec4170000 - 0x00007ffec4207000 	C:\WINDOWS\System32\sechost.dll
0x00007ffec4ba0000 - 0x00007ffec4cc0000 	C:\WINDOWS\System32\RPCRT4.dll
0x00007ffec5ab0000 - 0x00007ffec5c44000 	C:\WINDOWS\System32\USER32.dll
0x00007ffec3ad0000 - 0x00007ffec3af1000 	C:\WINDOWS\System32\win32u.dll
0x00007ffec59b0000 - 0x00007ffec59d6000 	C:\WINDOWS\System32\GDI32.dll
0x00007ffec3530000 - 0x00007ffec36c6000 	C:\WINDOWS\System32\gdi32full.dll
0x00007ffec3820000 - 0x00007ffec38be000 	C:\WINDOWS\System32\msvcp_win.dll
0x00007ffec3410000 - 0x00007ffec350a000 	C:\WINDOWS\System32\ucrtbase.dll
0x00007ffea98e0000 - 0x00007ffea9b64000 	C:\WINDOWS\WinSxS\amd64_microsoft.windows.common-controls_6595b64144ccf1df_6.0.18362.1139_none_9e7bf2d3e4605ac6\COMCTL32.dll
0x00007ffec54f0000 - 0x00007ffec5825000 	C:\WINDOWS\System32\combase.dll
0x00007ffec39d0000 - 0x00007ffec3a50000 	C:\WINDOWS\System32\bcryptPrimitives.dll
0x00007ffec5a80000 - 0x00007ffec5aae000 	C:\WINDOWS\System32\IMM32.DLL
0x000000005bcd0000 - 0x000000005bda2000 	C:\Program Files\Java\jdk1.8.0_221\jre\bin\msvcr100.dll
0x000000005b420000 - 0x000000005bcc5000 	C:\Program Files\Java\jdk1.8.0_221\jre\bin\server\jvm.dll
0x00007ffec5830000 - 0x00007ffec5838000 	C:\WINDOWS\System32\PSAPI.DLL
0x00007ffea5660000 - 0x00007ffea5669000 	C:\WINDOWS\SYSTEM32\WSOCK32.dll
0x00007ffec5c50000 - 0x00007ffec5cbf000 	C:\WINDOWS\System32\WS2_32.dll
0x00007ffebc130000 - 0x00007ffebc154000 	C:\WINDOWS\SYSTEM32\WINMM.dll
0x00007ffeba1b0000 - 0x00007ffeba1ba000 	C:\WINDOWS\SYSTEM32\VERSION.dll
0x00007ffebc0d0000 - 0x00007ffebc0fd000 	C:\WINDOWS\SYSTEM32\WINMMBASE.dll
0x00007ffec3a80000 - 0x00007ffec3aca000 	C:\WINDOWS\System32\cfgmgr32.dll
0x00007ffebbf70000 - 0x00007ffebbf7f000 	C:\Program Files\Java\jdk1.8.0_221\jre\bin\verify.dll
0x00007ffebbf40000 - 0x00007ffebbf69000 	C:\Program Files\Java\jdk1.8.0_221\jre\bin\java.dll
0x00007ffeb59c0000 - 0x00007ffeb59e3000 	C:\Program Files\Java\jdk1.8.0_221\jre\bin\instrument.dll
0x00007ffebb030000 - 0x00007ffebb046000 	C:\Program Files\Java\jdk1.8.0_221\jre\bin\zip.dll

VM Arguments:
jvm_args: -javaagent:C:\Program Files\JetBrains\IntelliJ IDEA Community Edition 2019.2.4\lib\idea_rt.jar=57385:C:\Program Files\JetBrains\IntelliJ IDEA Community Edition 2019.2.4\bin -Dfile.encoding=UTF-8 
java_command: com.javarush.task.task14.task1404.Solution
java_class_path (initial): C:\Program Files\Java\jdk1.8.0_221\jre\lib\charsets.jar;C:\Program Files\Java\jdk1.8.0_221\jre\lib\deploy.jar;C:\Program Files\Java\jdk1.8.0_221\jre\lib\ext\access-bridge-64.jar;C:\Program Files\Java\jdk1.8.0_221\jre\lib\ext\cldrdata.jar;C:\Program Files\Java\jdk1.8.0_221\jre\lib\ext\dnsns.jar;C:\Program Files\Java\jdk1.8.0_221\jre\lib\ext\jaccess.jar;C:\Program Files\Java\jdk1.8.0_221\jre\lib\ext\jfxrt.jar;C:\Program Files\Java\jdk1.8.0_221\jre\lib\ext\localedata.jar;C:\Program Files\Java\jdk1.8.0_221\jre\lib\ext\nashorn.jar;C:\Program Files\Java\jdk1.8.0_221\jre\lib\ext\sunec.jar;C:\Program Files\Java\jdk1.8.0_221\jre\lib\ext\sunjce_provider.jar;C:\Program Files\Java\jdk1.8.0_221\jre\lib\ext\sunmscapi.jar;C:\Program Files\Java\jdk1.8.0_221\jre\lib\ext\sunpkcs11.jar;C:\Program Files\Java\jdk1.8.0_221\jre\lib\ext\zipfs.jar;C:\Program Files\Java\jdk1.8.0_221\jre\lib\javaws.jar;C:\Program Files\Java\jdk1.8.0_221\jre\lib\jce.jar;C:\Program Files\Java\jdk1.8.0_221\jre\lib\jfr.jar;C:\Program Files\Java\jdk1.8.0_221\jre\lib\jfxswt.jar;C:\Program Files\Java\jdk1.8.0_221\jre\lib\jsse.jar;C:\Program Files\Java\jdk1.8.0_221\jre\lib\management-agent.jar;C:\Program Files\Java\jdk1.8.0_221\jre\lib\plugin.jar;C:\Program Files\Java\jdk1.8.0_221\jre\lib\resources.jar;C:\Program Files\Java\jdk1.8.0_221\jre\lib\rt.jar;C:\JavaRushTasks\out\production\2.JavaCore;C:\Program Files\JetBrains\IntelliJ IDEA Community Edition 2019.2.4\lib\idea_rt.jar
Launcher Type: SUN_STANDARD

Environment Variables:
PATH=C:\Program Files\Java\jdk-12.0.2\bin;C:\Program Files (x86)\Common Files\Oracle\Java\javapath;C:\Windows\system32;C:\Windows;C:\Windows\System32\Wbem;C:\Windows\System32\WindowsPowerShell\v1.0\;C:\Program Files (x86)\NVIDIA Corporation\PhysX\Common;C:\WINDOWS\system32;C:\WINDOWS;C:\WINDOWS\System32\Wbem;C:\WINDOWS\System32\WindowsPowerShell\v1.0\;;C:\WINDOWS\System32\OpenSSH\;C:\Users\gurus\AppData\Local\Microsoft\WindowsApps;
USERNAME=gurus
OS=Windows_NT
PROCESSOR_IDENTIFIER=Intel64 Family 6 Model 142 Stepping 10, GenuineIntel



---------------  S Y S T E M  ---------------

OS: Windows 10.0 , 64 bit Build 18362 (10.0.18362.1110)

CPU:total 8 (initial active 8) (4 cores per cpu, 2 threads per core) family 6 model 142 stepping 10, cmov, cx8, fxsr, mmx, sse, sse2, sse3, ssse3, sse4.1, sse4.2, popcnt, avx, avx2, aes, clmul, erms, 3dnowpref, lzcnt, ht, tsc, tscinvbit, bmi1, bmi2, adx

Memory: 4k page, physical 8304868k(1787640k free), swap 8304868k(6012k free)

vm_info: Java HotSpot(TM) 64-Bit Server VM (25.221-b11) for windows-amd64 JRE (1.8.0_221-b11), built on Jul  4 2019 04:39:29 by "java_re" with MS VC++ 10.0 (VS2010)

time: Thu Nov 05 13:19:56 2020
timezone: RTZ 2 (зима)
elapsed time: 0 seconds (0d 0h 0m 0s)

